<?xml version="1.0" encoding="UTF-8"?>
<!-- Generated by org.testng.reporters.JUnitReportReporter -->
<testsuite skipped="0" hostname="TVT-A-EC-729" name="Sum.Sum.Open" tests="2" failures="0" timestamp="2020-04-16T16:43:54 IST" time="0.010" errors="0">
  <testcase name="hhh" time="0.007" classname="Sum.Sum.Open"/>
  <testcase name="kk" time="0.003" classname="Sum.Sum.Open"/>
</testsuite> <!-- Sum.Sum.Open -->
